c:\users\rcoll\downloads\activitat3\activitat3\project\activitat3\debug\vc140.pdb
c:\users\rcoll\downloads\activitat3\activitat3\project\activitat3\debug\vc140.idb
c:\users\rcoll\downloads\activitat3\activitat3\project\activitat3\debug\sdl_fontcache.obj
c:\users\rcoll\downloads\activitat3\activitat3\project\activitat3\debug\sdl2_gfxprimitives.obj
c:\users\rcoll\downloads\activitat3\activitat3\project\activitat3\debug\sdl2_rotozoom.obj
c:\users\rcoll\downloads\activitat3\activitat3\project\activitat3\debug\basestate.obj
c:\users\rcoll\downloads\activitat3\activitat3\project\activitat3\debug\statictexture.obj
c:\users\rcoll\downloads\activitat3\activitat3\project\activitat3\debug\flowfield.obj
c:\users\rcoll\downloads\activitat3\activitat3\project\activitat3\debug\flowobstacle.obj
c:\users\rcoll\downloads\activitat3\activitat3\project\activitat3\debug\graphutils.obj
c:\users\rcoll\downloads\activitat3\activitat3\project\activitat3\debug\gridutils.obj
c:\users\rcoll\downloads\activitat3\activitat3\project\activitat3\debug\navmeshutils.obj
c:\users\rcoll\downloads\activitat3\activitat3\project\activitat3\debug\pathworldstate.obj
c:\users\rcoll\downloads\activitat3\activitat3\project\activitat3\debug\constants.obj
c:\users\rcoll\downloads\activitat3\activitat3\project\activitat3\debug\steeringgroup.obj
c:\users\rcoll\downloads\activitat3\activitat3\project\activitat3\debug\visibilityutils.obj
c:\users\rcoll\downloads\activitat3\activitat3\project\activitat3\debug\boid.obj
c:\users\rcoll\downloads\activitat3\activitat3\project\activitat3\debug\entity.obj
c:\users\rcoll\downloads\activitat3\activitat3\project\activitat3\debug\bitmapfont.obj
c:\users\rcoll\downloads\activitat3\activitat3\project\activitat3\debug\inputsingleton.obj
c:\users\rcoll\downloads\activitat3\activitat3\project\activitat3\debug\texture.obj
c:\users\rcoll\downloads\activitat3\activitat3\project\activitat3\debug\rotatedtext.obj
c:\users\rcoll\downloads\activitat3\activitat3\project\activitat3\debug\app.obj
c:\users\rcoll\downloads\activitat3\activitat3\project\activitat3\debug\statemanager.obj
c:\users\rcoll\downloads\activitat3\activitat3\project\activitat3\debug\timer.obj
c:\users\rcoll\downloads\activitat3\activitat3\project\activitat3\debug\trail.obj
c:\users\rcoll\downloads\activitat3\activitat3\project\activitat3\debug\display.obj
c:\users\rcoll\downloads\activitat3\activitat3\project\activitat3\debug\main.obj
c:\users\rcoll\downloads\activitat3\activitat3\project\activitat3\debug\menustate.obj
c:\users\rcoll\downloads\activitat3\activitat3\project\activitat3\debug\path.obj
c:\users\rcoll\downloads\activitat3\activitat3\project\activitat3\debug\player.obj
c:\users\rcoll\downloads\activitat3\activitat3\project\activitat3\debug\simplepath.obj
c:\users\rcoll\downloads\activitat3\activitat3\project\activitat3\debug\obstacle.obj
c:\users\rcoll\downloads\activitat3\activitat3\bin\activitat3.ilk
c:\users\rcoll\downloads\activitat3\activitat3\bin\activitat3.exe
c:\users\rcoll\downloads\activitat3\activitat3\bin\activitat3.pdb
c:\users\rcoll\downloads\activitat3\activitat3\project\activitat3\..\..\bin\activitat3.pdb
c:\users\rcoll\downloads\activitat3\activitat3\project\activitat3\..\..\bin\activitat3.exe
c:\users\rcoll\downloads\activitat3\activitat3\project\activitat3\..\..\bin\activitat3.ilk
c:\users\rcoll\downloads\activitat3\activitat3\project\activitat3\debug\activitat3.tlog\cl.command.1.tlog
c:\users\rcoll\downloads\activitat3\activitat3\project\activitat3\debug\activitat3.tlog\cl.read.1.tlog
c:\users\rcoll\downloads\activitat3\activitat3\project\activitat3\debug\activitat3.tlog\cl.write.1.tlog
c:\users\rcoll\downloads\activitat3\activitat3\project\activitat3\debug\activitat3.tlog\link.command.1.tlog
c:\users\rcoll\downloads\activitat3\activitat3\project\activitat3\debug\activitat3.tlog\link.read.1.tlog
c:\users\rcoll\downloads\activitat3\activitat3\project\activitat3\debug\activitat3.tlog\link.write.1.tlog
