Build started 01/03/2016 17:43:39.
     1>Project "C:\Users\rcoll\Downloads\Activitat2_v2\Activitat2_v2\project\Activitat2_v2\Activitat2_v2.vcxproj" on node 2 (Build target(s)).
     1>ClCompile:
         C:\Program Files (x86)\Microsoft Visual Studio 14.0\VC\bin\CL.exe /c /IC:\Users\rcoll\Downloads\Activitat2_v2\Activitat2_v2\project\Activitat2_v2\..\..\lib\SDL2\include /IC:\Users\rcoll\Downloads\Activitat2_v2\Activitat2_v2\project\Activitat2_v2\..\..\lib\SDL2_image\include /IC:\Users\rcoll\Downloads\Activitat2_v2\Activitat2_v2\project\Activitat2_v2\..\..\lib\SDL2_ttf\include /IC:\Users\rcoll\Downloads\Activitat2_v2\Activitat2_v2\project\Activitat2_v2\..\..\lib\SDL2_mixer\include /IC:\Users\rcoll\Downloads\Activitat2_v2\Activitat2_v2\project\Activitat2_v2\..\..\dependencies\ /ZI /nologo /W3 /WX- /sdl /Od /Oy- /D _CRT_SECURE_NO_WARNINGS /D _MBCS /Gm /EHsc /RTC1 /MDd /GS /fp:precise /Zc:wchar_t /Zc:forScope /Zc:inline /Fo"Debug\\" /Fd"Debug\vc140.pdb" /Gd /TP /wd4244 /analyze- /errorReport:prompt ..\..\source\EcosystemState.cpp
         EcosystemState.cpp
       Link:
         C:\Program Files (x86)\Microsoft Visual Studio 14.0\VC\bin\link.exe /ERRORREPORT:PROMPT /OUT:"C:\Users\rcoll\Downloads\Activitat2_v2\Activitat2_v2\project\Activitat2_v2\..\..\bin\Activitat2_v2.exe" /INCREMENTAL /NOLOGO /LIBPATH:C:\Users\rcoll\Downloads\Activitat2_v2\Activitat2_v2\project\Activitat2_v2\..\..\lib\SDL2_mixer\lib\x86 /LIBPATH:C:\Users\rcoll\Downloads\Activitat2_v2\Activitat2_v2\project\Activitat2_v2\..\..\lib\SDL2_ttf\lib\x86 /LIBPATH:C:\Users\rcoll\Downloads\Activitat2_v2\Activitat2_v2\project\Activitat2_v2\..\..\lib\SDL2_image\lib\x86 /LIBPATH:C:\Users\rcoll\Downloads\Activitat2_v2\Activitat2_v2\project\Activitat2_v2\..\..\lib\SDL2\lib\x86 SDL2_image.lib SDL2_ttf.lib SDL2_mixer.lib SDL2.lib SDL2main.lib kernel32.lib user32.lib gdi32.lib winspool.lib comdlg32.lib advapi32.lib shell32.lib ole32.lib oleaut32.lib uuid.lib odbc32.lib odbccp32.lib /MANIFEST /MANIFESTUAC:"level='asInvoker' uiAccess='false'" /manifest:embed /DEBUG /PDB:"C:\Users\rcoll\Downloads\Activitat2_v2\Activitat2_v2\project\Activitat2_v2\..\..\bin\Activitat2_v2.pdb" /SUBSYSTEM:WINDOWS /TLBID:1 /DYNAMICBASE /NXCOMPAT /IMPLIB:"C:\Users\rcoll\Downloads\Activitat2_v2\Activitat2_v2\project\Activitat2_v2\..\..\bin\Activitat2_v2.lib" /MACHINE:X86 Debug\SDL_FontCache.obj
         Debug\SDL2_gfxPrimitives.obj
         Debug\SDL2_rotozoom.obj
         Debug\BaseState.obj
         Debug\FlowField.obj
         Debug\FlowFieldState.obj
         Debug\FlowObstacle.obj
         Debug\Constants.obj
         Debug\SteeringGroup.obj
         Debug\EcosystemState.obj
         Debug\Boid.obj
         Debug\Entity.obj
         Debug\BitmapFont.obj
         Debug\InputSingleton.obj
         Debug\Texture.obj
         Debug\RotatedText.obj
         Debug\App.obj
         Debug\StateManager.obj
         Debug\Timer.obj
         Debug\Trail.obj
         Debug\Display.obj
         Debug\Main.obj
         Debug\MenuState.obj
         Debug\Path.obj
         Debug\Player.obj
         Debug\SimplePath.obj
         Debug\Obstacle.obj
         Activitat2_v2.vcxproj -> C:\Users\rcoll\Downloads\Activitat2_v2\Activitat2_v2\project\Activitat2_v2\..\..\bin\Activitat2_v2.exe
     1>Done Building Project "C:\Users\rcoll\Downloads\Activitat2_v2\Activitat2_v2\project\Activitat2_v2\Activitat2_v2.vcxproj" (Build target(s)).

Build succeeded.

Time Elapsed 00:00:00.78
